
2025-05-10 18:10:23.850919 - INFO - FirstBot iniciado
2025-05-10 18:10:26.437877 - INFO - Haciendo conteo de filas
2025-05-10 18:10:28.839804 - INFO - Index: 1
2025-05-10 18:10:30.250076 - INFO - Tipo: 1
2025-05-10 18:10:30.686740 - INFO - Producto Actual: CINTA AISLANTE 3-M
2025-05-10 18:11:41.076975 - INFO - Nombre: Cinta de doble contacto interior 3M 3/4" x 34.7m
2025-05-10 18:23:43.888939 - INFO - FirstBot iniciado
2025-05-10 18:23:45.635589 - INFO - Haciendo conteo de filas
2025-05-10 18:23:48.561860 - INFO - Index: 1
2025-05-10 18:23:49.798939 - INFO - Tipo: 1
2025-05-10 18:23:50.934342 - INFO - Producto Actual: CINTA AISLANTE 3-M
2025-05-10 18:24:43.450493 - INFO - Nombre: Cinta de doble contacto interior 3M 3/4" x 34.7m
2025-05-10 18:58:05.524860 - INFO - FirstBot iniciado
2025-05-10 18:58:09.505064 - INFO - Haciendo conteo de filas
2025-05-10 18:58:12.197513 - INFO - Index: 1
2025-05-10 18:58:13.022762 - INFO - Tipo: 1
2025-05-10 18:58:13.699247 - INFO - Producto Actual: CINTA AISLANTE 3-M
2025-05-10 18:59:12.909291 - INFO - Nombre: Cinta de doble contacto interior 3M 3/4" x 34.7m
2025-05-10 19:06:23.715359 - INFO - FirstBot iniciado
2025-05-10 19:06:26.976273 - INFO - Haciendo conteo de filas
2025-05-10 19:06:30.530698 - INFO - Index: 1
2025-05-10 19:06:32.207097 - INFO - Tipo: 1
2025-05-10 19:06:33.414507 - INFO - Producto Actual: CINTA AISLANTE 3-M
2025-05-10 19:07:17.771861 - INFO - Nombre: Cinta de doble contacto interior 3M 3/4" x 34.7m
2025-05-10 19:09:24.674971 - INFO - FirstBot iniciado
2025-05-10 19:09:27.401000 - INFO - Haciendo conteo de filas
2025-05-10 19:09:32.219700 - INFO - Index: 1
2025-05-10 19:09:34.354864 - INFO - Tipo: 1
2025-05-10 19:09:35.543909 - INFO - Producto Actual: CINTA AISLANTE 3-M
2025-05-10 19:10:41.014648 - INFO - Nombre: Cinta de doble contacto interior 3M 3/4" x 34.7m