
2025-04-21 21:14:57.542239 - INFO - FirstBot iniciado
2025-04-21 21:14:58.542004 - INFO - Haciendo conteo de filas
2025-04-21 21:14:59.605426 - INFO - Index: 1
2025-04-21 21:15:00.120301 - INFO - Tipo: 1
2025-04-21 21:15:00.570932 - INFO - Producto Actual: THINNER ACRILICO
2025-04-21 21:15:24.753961 - INFO - Nombre: Thinner Acrílico Anypsa 900ml
2025-04-21 21:15:25.774875 - INFO - Descripcion: Promart.pe trae para ti el thinner acrílico especialmente diseñado para automóviles y acabados finos.
2025-04-21 21:15:26.630270 - INFO - Caracteristica: Disolvente para todo tipo de pinturas alquidicas, de secado rapido.
2025-04-21 21:15:27.725460 - INFO - Garantia: 1 Año
2025-04-21 21:15:28.054888 - INFO - Altura: 25.00 cm
2025-04-21 21:15:28.753306 - INFO - Ancho: 8.00 cm
2025-04-21 21:15:29.077321 - INFO - Profundidad: 8.00 cm
2025-04-21 21:15:29.388268 - INFO - Color: Marrón
2025-04-21 21:15:29.717081 - INFO - Tipo: Thinner
2025-04-21 21:15:30.068730 - INFO - Sub Tipo: Acrílico
2025-04-21 21:15:30.427951 - INFO - Material: Otros
2025-04-21 21:15:30.779914 - INFO - Marca: Anypsa
2025-04-21 21:15:31.179794 - INFO - Peso: 0.73 kg
2025-04-21 21:15:33.005541 - INFO - Index: 1
2025-04-21 21:15:33.519378 - INFO - Tipo: 1
2025-04-21 21:15:33.967359 - INFO - Producto Actual: THINNER ACRILICO
2025-04-21 21:16:12.311259 - INFO - FirstBot iniciado
2025-04-21 21:16:13.295734 - INFO - Haciendo conteo de filas
2025-04-21 21:16:14.361766 - INFO - Index: 1
2025-04-21 21:16:14.857343 - INFO - Tipo: 1
2025-04-21 21:16:15.336711 - INFO - Producto Actual: THINNER ACRILICO
2025-04-21 21:16:58.509541 - INFO - Nombre: Thinner Acrílico Anypsa 900ml
2025-04-21 21:17:10.177959 - INFO - Descripcion: Promart.pe trae para ti el thinner acrílico especialmente diseñado para automóviles y acabados finos.
2025-04-21 21:17:54.938871 - INFO - Descripcion: Promart.pe trae para ti el thinner acrílico especialmente diseñado para automóviles y acabados finos.
2025-04-21 21:18:04.504481 - INFO - Caracteristica: Disolvente para todo tipo de pinturas alquidicas, de secado rapido.
2025-04-21 21:18:14.143227 - INFO - Garantia: 1 Año
2025-04-21 21:18:14.511214 - INFO - Altura: 25.00 cm
2025-04-21 21:18:14.862229 - INFO - Ancho: 8.00 cm
2025-04-21 21:18:15.218806 - INFO - Profundidad: 8.00 cm
2025-04-21 21:18:15.562919 - INFO - Color: Marrón
2025-04-21 21:18:15.919415 - INFO - Tipo: Thinner
2025-04-21 21:18:16.275549 - INFO - Sub Tipo: Acrílico
2025-04-21 21:18:16.646757 - INFO - Material: Otros
2025-04-21 21:18:17.080995 - INFO - Marca: Anypsa
2025-04-21 21:18:17.438577 - INFO - Peso: 0.73 kg