
2025-05-08 13:31:35.548071 - INFO - FirstBot iniciado
2025-05-08 13:31:37.973342 - INFO - Haciendo conteo de filas
2025-05-08 13:31:41.343847 - INFO - Index: 1
2025-05-08 13:31:42.179772 - INFO - Tipo: 1
2025-05-08 13:31:43.440564 - INFO - Producto Actual: THINNER ACRILICO
2025-05-08 14:05:56.314732 - INFO - FirstBot iniciado
2025-05-08 14:05:57.293008 - INFO - Haciendo conteo de filas
2025-05-08 14:05:59.555801 - INFO - Index: 1
2025-05-08 14:06:00.254308 - INFO - Tipo: 1
2025-05-08 14:06:00.838923 - INFO - Producto Actual: THINNER ACRILICO
2025-05-08 14:08:55.199596 - INFO - FirstBot iniciado
2025-05-08 14:08:56.557851 - INFO - Haciendo conteo de filas
2025-05-08 14:08:58.461800 - INFO - Index: 1
2025-05-08 14:08:59.103149 - INFO - Tipo: 1
2025-05-08 14:08:59.681837 - INFO - Producto Actual: THINNER ACRILICO
2025-05-08 14:09:28.156893 - INFO - Nombre: Thinner Acrílico Anypsa 900ml
2025-05-08 14:09:29.486745 - INFO - Descripcion: Promart.pe trae para ti el thinner acrílico especialmente diseñado para automóviles y acabados finos.
2025-05-08 14:09:31.840882 - INFO - Caracteristica: 
2025-05-08 14:09:34.148978 - INFO - Garantia: 
2025-05-08 14:09:34.587666 - INFO - Altura: 
2025-05-08 14:09:35.208851 - INFO - Ancho: 
2025-05-08 14:09:35.616041 - INFO - Profundidad: 
2025-05-08 14:09:36.020667 - INFO - Color: 
2025-05-08 14:09:36.609093 - INFO - Tipo: 
2025-05-08 14:09:36.933800 - INFO - Sub Tipo: 
2025-05-08 14:09:37.532522 - INFO - Material: 
2025-05-08 14:09:38.120710 - INFO - Marca: 
2025-05-08 14:09:38.446787 - INFO - Peso: 
2025-05-08 14:11:26.501562 - INFO - Haciendo conteo de filas
2025-05-08 14:11:27.883930 - INFO - Index: 1
2025-05-08 14:11:28.927996 - INFO - Tipo: 1
2025-05-08 14:11:29.425053 - INFO - Producto Actual: THINNER ACRILICO
2025-05-08 14:13:17.133004 - INFO - FirstBot iniciado
2025-05-08 14:13:18.114669 - INFO - Haciendo conteo de filas
2025-05-08 14:13:19.841724 - INFO - Index: 1
2025-05-08 14:13:20.975546 - INFO - Tipo: 1
2025-05-08 14:13:21.463195 - INFO - Producto Actual: THINNER ACRILICO
2025-05-08 14:13:52.508847 - INFO - Nombre: Thinner Acrílico Anypsa 900ml
2025-05-08 14:14:24.199433 - INFO - Descripcion: Promart.pe trae para ti el thinner acrílico especialmente diseñado para automóviles y acabados finos.
2025-05-08 14:16:23.616820 - INFO - Descripcion: Promart.pe trae para ti el thinner acrílico especialmente diseñado para automóviles y acabados finos.
2025-05-08 14:17:49.966673 - INFO - FirstBot iniciado
2025-05-08 14:17:50.808546 - INFO - Haciendo conteo de filas
2025-05-08 14:17:52.429536 - INFO - Index: 1
2025-05-08 14:17:53.500400 - INFO - Tipo: 1
2025-05-08 14:17:53.961528 - INFO - Producto Actual: THINNER ACRILICO
2025-05-08 14:18:17.054342 - INFO - Nombre: Thinner Acrílico Anypsa 900ml
2025-05-08 14:18:19.842694 - INFO - Descripcion: Promart.pe trae para ti el thinner acrílico especialmente diseñado para automóviles y acabados finos.
2025-05-08 14:18:23.613951 - INFO - Caracteristica: 
2025-05-08 14:18:28.389726 - INFO - Garantia: 
2025-05-08 14:18:28.955666 - INFO - Altura: 
2025-05-08 14:18:29.344671 - INFO - Ancho: 
2025-05-08 14:18:29.858403 - INFO - Profundidad: 
2025-05-08 14:18:30.216801 - INFO - Color: 
2025-05-08 14:18:30.721371 - INFO - Tipo: 
2025-05-08 14:18:31.168584 - INFO - Sub Tipo: 
2025-05-08 14:18:31.805628 - INFO - Material: 
2025-05-08 14:18:32.241018 - INFO - Marca: 
2025-05-08 14:18:33.228873 - INFO - Peso: 
2025-05-08 14:21:30.053037 - INFO - FirstBot iniciado
2025-05-08 14:21:31.066773 - INFO - Haciendo conteo de filas
2025-05-08 14:21:32.535680 - INFO - Index: 1
2025-05-08 14:21:33.615733 - INFO - Tipo: 1
2025-05-08 14:21:34.116391 - INFO - Producto Actual: CINTA AISLANTE 3-M
2025-05-08 14:21:59.336352 - INFO - Nombre: Thinner Acrílico Anypsa 900ml
2025-05-08 14:22:02.824554 - INFO - Descripcion: Promart.pe trae para ti el thinner acrílico especialmente diseñado para automóviles y acabados finos.
2025-05-08 14:22:06.958371 - INFO - Caracteristica: 
2025-05-08 14:22:12.067027 - INFO - Garantia: 
2025-05-08 14:22:12.490337 - INFO - Altura: 
2025-05-08 14:22:13.106368 - INFO - Ancho: 
2025-05-08 14:22:13.444354 - INFO - Profundidad: 
2025-05-08 14:22:13.995369 - INFO - Color: 
2025-05-08 14:22:14.322475 - INFO - Tipo: 
2025-05-08 14:22:14.759521 - INFO - Sub Tipo: 
2025-05-08 14:22:15.090676 - INFO - Material: 
2025-05-08 14:22:15.646542 - INFO - Marca: 
2025-05-08 14:22:15.973475 - INFO - Peso: 