
2025-05-14 14:09:39.125615 - INFO - FirstBot iniciado
2025-05-14 14:09:40.030069 - INFO - Haciendo conteo de filas
2025-05-14 14:09:41.604378 - INFO - Index: 1
2025-05-14 14:09:42.385348 - INFO - Tipo: 1
2025-05-14 14:09:43.072263 - INFO - Producto Actual: ESPONJA DE FIBRA SINTETICA 10 CM X 14 CM SCOTCH BRITE
2025-05-14 14:10:16.406751 - INFO - Nombre: Esponja 3M 2 en 1 x 6 unidades
2025-05-14 14:24:56.634240 - INFO - FirstBot iniciado
2025-05-14 14:24:57.717536 - INFO - Haciendo conteo de filas
2025-05-14 14:24:59.283659 - INFO - Index: 1
2025-05-14 14:25:00.199559 - INFO - Tipo: 1
2025-05-14 14:25:00.989977 - INFO - Producto Actual: ESPONJA DE FIBRA SINTETICA 10 CM X 14 CM SCOTCH BRITE
2025-05-14 14:25:33.252849 - INFO - Nombre: Esponja 3M 2 en 1 x 6 unidades
2025-05-14 14:29:29.354275 - INFO - Index: 2
2025-05-14 14:29:30.117979 - INFO - Tipo: 2
2025-05-14 14:29:30.920034 - INFO - Producto Actual: CINTA AISLANTE 3M
2025-05-14 16:46:37.895592 - INFO - FirstBot iniciado
2025-05-14 16:46:38.821196 - INFO - Haciendo conteo de filas
2025-05-14 16:46:40.131659 - INFO - Index: 1
2025-05-14 16:46:40.859372 - INFO - Tipo: 1
2025-05-14 16:46:41.513145 - INFO - Producto Actual: ESPONJA DE FIBRA SINTETICA 10 CM X 14 CM SCOTCH BRITE
2025-05-14 17:12:22.835041 - INFO - FirstBot iniciado
2025-05-14 17:12:23.847409 - INFO - Haciendo conteo de filas
2025-05-14 17:12:25.254602 - INFO - Index: 1
2025-05-14 17:12:26.001494 - INFO - Tipo: 1
2025-05-14 17:12:26.641464 - INFO - Producto Actual: ESPONJA DE FIBRA SINTETICA 10 CM X 14 CM SCOTCH BRITE
2025-05-14 17:12:57.668071 - INFO - Nombre: Esponja 3M 2 en 1 x 6 unidades
2025-05-14 17:17:07.796776 - INFO - Index: 2
2025-05-14 17:17:08.614624 - INFO - Tipo: 2
2025-05-14 17:17:09.400081 - INFO - Producto Actual: CINTA AISLANTE 3M
2025-05-14 17:22:37.860698 - INFO - FirstBot iniciado
2025-05-14 17:22:38.783432 - INFO - Haciendo conteo de filas
2025-05-14 17:22:40.050601 - INFO - Index: 1
2025-05-14 17:22:40.797091 - INFO - Tipo: 1
2025-05-14 17:22:41.466987 - INFO - Producto Actual: ESPONJA DE FIBRA SINTETICA 10 CM X 14 CM SCOTCH BRITE
2025-05-14 17:24:35.722605 - INFO - FirstBot iniciado
2025-05-14 17:24:37.440523 - INFO - Haciendo conteo de filas
2025-05-14 17:24:38.702624 - INFO - Index: 1
2025-05-14 17:24:39.416122 - INFO - Tipo: 1
2025-05-14 17:24:40.057504 - INFO - Producto Actual: ESPONJA DE FIBRA SINTETICA 10 CM X 14 CM SCOTCH BRITE
2025-05-14 18:16:45.176103 - INFO - FirstBot iniciado
2025-05-14 18:16:46.123084 - INFO - Haciendo conteo de filas
2025-05-14 18:16:47.403164 - INFO - Index: 1
2025-05-14 18:16:48.123204 - INFO - Tipo: 1
2025-05-14 18:16:48.780090 - INFO - Producto Actual: ESPONJA DE FIBRA SINTETICA 10 CM X 14 CM SCOTCH BRITE
2025-05-14 18:17:19.350358 - INFO - Nombre: Esponja 3M 2 en 1 x 6 unidades
2025-05-14 18:38:29.180349 - INFO - FirstBot iniciado
2025-05-14 18:38:30.279375 - INFO - Haciendo conteo de filas
2025-05-14 18:38:32.237986 - INFO - Index: 1
2025-05-14 18:38:33.406263 - INFO - Tipo: 1
2025-05-14 18:38:34.126423 - INFO - Producto Actual: ESPONJA DE FIBRA SINTETICA 10 CM X 14 CM SCOTCH BRITE
2025-05-14 18:39:03.017285 - INFO - Nombre: Esponja 3M 2 en 1 x 6 unidades
2025-05-14 18:44:29.162244 - INFO - FirstBot iniciado
2025-05-14 18:44:30.071659 - INFO - Haciendo conteo de filas
2025-05-14 18:44:31.715254 - INFO - Index: 1
2025-05-14 18:44:32.476243 - INFO - Tipo: 1
2025-05-14 18:44:33.239718 - INFO - Producto Actual: ESPONJA DE FIBRA SINTETICA 10 CM X 14 CM SCOTCH BRITE
2025-05-14 18:45:01.352802 - INFO - Nombre: Esponja 3M 2 en 1 x 6 unidades
2025-05-14 18:48:45.733235 - INFO - Index: 2
2025-05-14 18:48:46.393701 - INFO - Tipo: 2
2025-05-14 18:48:47.051219 - INFO - Producto Actual: CINTA AISLANTE 3M
2025-05-14 18:49:18.665592 - INFO - Nombre: Cinta Aislante 3M 3/4 x 18m Temflex 165
2025-05-14 18:52:56.837399 - INFO - Index: 3
2025-05-14 18:52:57.506357 - INFO - Tipo: 3