
2025-05-15 10:43:34.824131 - INFO - FirstBot iniciado
2025-05-15 10:43:36.434771 - INFO - Haciendo conteo de filas
2025-05-15 10:43:38.760406 - INFO - Index: 1
2025-05-15 10:43:39.447779 - INFO - Tipo: 1
2025-05-15 10:43:40.358656 - INFO - Producto Actual: ESPONJA DE FIBRA SINTETICA 10 CM X 14 CM SCOTCH BRITE
2025-05-15 10:44:09.538484 - INFO - Nombre: Esponja 3M 2 en 1 x 6 unidades
2025-05-15 10:48:01.926011 - INFO - Index: 2
2025-05-15 10:48:02.630873 - INFO - Tipo: 2
2025-05-15 10:48:03.280614 - INFO - Producto Actual: CINTA AISLANTE 3M
2025-05-15 10:48:36.081040 - INFO - Nombre: Cinta Aislante 3M 3/4 x 18m Temflex 165
2025-05-15 10:52:16.489915 - INFO - Index: 3
2025-05-15 10:52:17.583148 - INFO - Tipo: 3
2025-05-15 11:15:32.474202 - INFO - FirstBot iniciado
2025-05-15 11:15:33.753542 - INFO - Haciendo conteo de filas
2025-05-15 11:15:35.837520 - INFO - Index: 1
2025-05-15 11:15:37.151156 - INFO - Tipo: 1
2025-05-15 11:15:38.385162 - INFO - Producto Actual: ESPONJA DE FIBRA SINTETICA 10 CM X 14 CM SCOTCH BRITE
2025-05-15 11:16:11.500175 - INFO - Nombre: Esponja 3M 2 en 1 x 6 unidades
2025-05-15 11:29:18.819857 - INFO - FirstBot iniciado
2025-05-15 11:29:20.003525 - INFO - Haciendo conteo de filas
2025-05-15 11:29:21.508750 - INFO - Index: 1
2025-05-15 11:29:22.619043 - INFO - Tipo: 1
2025-05-15 11:29:23.303445 - INFO - Producto Actual: ESPONJA DE FIBRA SINTETICA 10 CM X 14 CM SCOTCH BRITE
2025-05-15 11:29:55.667315 - INFO - Nombre: Esponja 3M 2 en 1 x 6 unidades
2025-05-15 11:57:42.793858 - INFO - FirstBot iniciado
2025-05-15 11:57:43.982985 - INFO - Haciendo conteo de filas
2025-05-15 11:57:45.233189 - INFO - Index: 1
2025-05-15 11:57:45.970084 - INFO - Tipo: 1
2025-05-15 11:57:46.627559 - INFO - Producto Actual: ESPONJA DE FIBRA SINTETICA 10 CM X 14 CM SCOTCH BRITE
2025-05-15 11:58:16.309709 - INFO - Nombre: Esponja 3M 2 en 1 x 6 unidades
2025-05-15 12:02:16.673128 - INFO - Index: 2
2025-05-15 12:02:17.419917 - INFO - Tipo: 2
2025-05-15 12:02:18.095899 - INFO - Producto Actual: CINTA AISLANTE 3M
2025-05-15 12:02:49.164088 - INFO - Nombre: Cinta Aislante 3M 3/4 x 18m Temflex 165
2025-05-15 12:06:45.555928 - INFO - Index: 3
2025-05-15 12:06:46.712013 - INFO - Tipo: 3
2025-05-15 17:01:25.583189 - INFO - FirstBot iniciado
2025-05-15 17:01:27.028785 - INFO - Haciendo conteo de filas
2025-05-15 17:01:28.809375 - INFO - Index: 1
2025-05-15 17:01:29.905522 - INFO - Tipo: 1
2025-05-15 17:01:30.726355 - INFO - Producto Actual: ESPONJA DE FIBRA SINTETICA 10 CM X 14 CM SCOTCH BRITE
2025-05-15 17:02:10.108760 - INFO - Nombre: Esponja 3M 2 en 1 x 6 unidades
2025-05-15 17:06:38.214733 - INFO - Index: 2
2025-05-15 17:06:39.562162 - INFO - Tipo: 2
2025-05-15 17:06:40.938466 - INFO - Producto Actual: CINTA AISLANTE 3M
2025-05-15 17:07:19.959556 - INFO - Nombre: Cinta Aislante 3M 3/4 x 18m Temflex 165
2025-05-15 17:11:23.136672 - INFO - Index: 3
2025-05-15 17:11:24.031222 - INFO - Tipo: 3
2025-05-15 17:57:06.501714 - INFO - FirstBot iniciado
2025-05-15 17:57:08.382998 - INFO - Haciendo conteo de filas
2025-05-15 17:57:10.314692 - INFO - Index: 1
2025-05-15 17:57:11.103868 - INFO - Tipo: 1
2025-05-15 17:57:11.891407 - INFO - Producto Actual: LIMPIA VIDRIOS 1 GAL
2025-05-15 17:57:47.881532 - INFO - Nombre: Limpia parabrisas 1 Gal Vistony
2025-05-15 18:02:34.047195 - INFO - Index: 2
2025-05-15 18:02:35.349724 - INFO - Tipo: 3
2025-05-15 18:28:53.931967 - INFO - FirstBot iniciado
2025-05-15 18:28:56.064163 - INFO - Haciendo conteo de filas
2025-05-15 18:28:58.427339 - INFO - Index: 1
2025-05-15 18:28:59.093839 - INFO - Tipo: 1
2025-05-15 18:29:00.090767 - INFO - Producto Actual: ESPONJA DE FIBRA SINTETICA 10 CM X 14 CM SCOTCH BRITE
2025-05-15 18:29:44.406846 - INFO - Nombre: Esponja 3M 2 en 1 x 6 unidades