
2025-04-22 08:54:12.780015 - INFO - FirstBot iniciado
2025-04-22 08:54:16.830167 - INFO - Haciendo conteo de filas
2025-04-22 08:55:07.479105 - INFO - FirstBot iniciado
2025-04-22 08:55:12.167175 - INFO - Haciendo conteo de filas
2025-04-22 08:55:15.623880 - INFO - Index: 2
2025-04-22 08:55:16.461351 - INFO - Tipo: 2
2025-04-22 08:55:18.266148 - INFO - Producto Actual: CINTA AISLANTE 3M
2025-04-22 08:56:07.872526 - INFO - Index: 3
2025-04-22 08:56:09.320516 - INFO - Tipo: 3
2025-04-22 08:56:54.305613 - INFO - FirstBot iniciado
2025-04-22 08:56:56.536102 - INFO - Haciendo conteo de filas
2025-04-22 08:56:58.954127 - INFO - Index: 2
2025-04-22 08:56:59.476568 - INFO - Tipo: 2
2025-04-22 08:57:00.130137 - INFO - Producto Actual: CINTA AISLANTE 3M
2025-04-22 08:59:35.005431 - INFO - Nombre: Cinta Aislante 3M 3/4 x 18m Temflex 165
2025-04-22 09:00:52.741793 - INFO - FirstBot iniciado
2025-04-22 09:00:55.260688 - INFO - Haciendo conteo de filas
2025-04-22 09:00:58.899367 - INFO - Index: 1
2025-04-22 09:00:59.840847 - INFO - Tipo: 1
2025-04-22 09:01:01.696353 - INFO - Producto Actual: THINNER ACRILICO
2025-04-22 09:01:35.439297 - INFO - Nombre: Thinner Acrílico Anypsa 900ml
2025-04-22 09:01:37.154467 - INFO - Descripcion: Promart.pe trae para ti el thinner acrílico especialmente diseñado para automóviles y acabados finos.
2025-04-22 09:01:38.868171 - INFO - Caracteristica: Disolvente para todo tipo de pinturas alquidicas, de secado rapido.
2025-04-22 09:01:41.660861 - INFO - Garantia: 1 Año
2025-04-22 09:01:42.316505 - INFO - Altura: 25.00 cm
2025-04-22 09:01:43.596611 - INFO - Ancho: 8.00 cm
2025-04-22 09:01:44.831333 - INFO - Profundidad: 8.00 cm
2025-04-22 09:01:45.854352 - INFO - Color: Marrón
2025-04-22 09:01:46.550714 - INFO - Tipo: Thinner
2025-04-22 09:01:47.943372 - INFO - Sub Tipo: Acrílico
2025-04-22 09:01:49.196669 - INFO - Material: Otros
2025-04-22 09:01:50.185850 - INFO - Marca: Anypsa
2025-04-22 09:01:51.194048 - INFO - Peso: 0.73 kg
2025-04-22 09:01:59.802298 - INFO - Index: 2
2025-04-22 09:02:00.294436 - INFO - Tipo: 2
2025-04-22 09:02:00.864898 - INFO - Producto Actual: CINTA AISLANTE 3M