
2025-04-24 12:10:06.781676 - INFO - FirstBot iniciado
2025-04-24 12:10:08.448701 - INFO - Haciendo conteo de filas
2025-04-24 12:10:09.959479 - INFO - Index: 1
2025-04-24 12:10:10.701124 - INFO - Tipo: 1
2025-04-24 12:10:11.321585 - INFO - Producto Actual: THINNER ACRILICO
2025-04-24 12:10:35.016509 - INFO - Nombre: Thinner Acrílico Anypsa 900ml
2025-04-24 12:10:35.389536 - INFO - Descripcion: Promart.pe trae para ti el thinner acrílico especialmente diseñado para automóviles y acabados finos.
2025-04-24 12:10:35.816904 - INFO - Caracteristica: Disolvente para todo tipo de pinturas alquidicas, de secado rapido.
2025-04-24 12:10:36.315947 - INFO - Garantia: 1 Año
2025-04-24 12:10:36.385572 - INFO - Altura: 25.00 cm
2025-04-24 12:10:36.489047 - INFO - Ancho: 8.00 cm
2025-04-24 12:10:36.583651 - INFO - Profundidad: 8.00 cm
2025-04-24 12:10:36.658332 - INFO - Color: Marrón
2025-04-24 12:10:36.727251 - INFO - Tipo: Thinner
2025-04-24 12:10:36.765995 - INFO - Sub Tipo: Acrílico
2025-04-24 12:10:36.817295 - INFO - Material: Otros
2025-04-24 12:10:36.860843 - INFO - Marca: Anypsa
2025-04-24 12:10:36.905214 - INFO - Peso: 0.73 kg
2025-04-24 12:10:40.861921 - INFO - Index: 2
2025-04-24 12:10:41.515369 - INFO - Tipo: 2
2025-04-24 12:10:42.018964 - INFO - Producto Actual: CINTA AISLANTE 3M