
2025-05-07 12:31:21.327291 - INFO - FirstBot iniciado
2025-05-07 12:31:22.770708 - INFO - Haciendo conteo de filas
2025-05-07 12:31:24.054491 - INFO - Index: 1
2025-05-07 12:31:25.092069 - INFO - Tipo: 1
2025-05-07 12:31:25.658345 - INFO - Producto Actual: THINNER ACRILICO
2025-05-07 16:12:52.477366 - INFO - FirstBot iniciado
2025-05-07 16:12:53.909856 - INFO - Haciendo conteo de filas
2025-05-07 16:12:55.739818 - INFO - Index: 1
2025-05-07 16:12:56.821807 - INFO - Tipo: 1
2025-05-07 16:12:57.407350 - INFO - Producto Actual: THINNER ACRILICO
2025-05-07 16:21:53.775452 - INFO - Nombre: Thinner Acrílico Anypsa 900ml
2025-05-07 16:22:08.303473 - INFO - Descripcion: Promart.pe trae para ti el thinner acrílico especialmente diseñado para automóviles y acabados finos.
2025-05-07 16:22:47.403800 - INFO - Caracteristica: Disolvente para todo tipo de pinturas alquidicas, de secado rapido.
2025-05-07 16:23:01.406131 - INFO - Garantia: 1 Año
2025-05-07 16:23:01.928110 - INFO - Altura: 25.00 cm
2025-05-07 16:23:03.220009 - INFO - Ancho: 8.00 cm
2025-05-07 16:23:05.409407 - INFO - Profundidad: 8.00 cm
2025-05-07 16:23:06.154613 - INFO - Color: Marrón
2025-05-07 16:23:07.253957 - INFO - Tipo: Thinner
2025-05-07 16:23:08.673233 - INFO - Sub Tipo: Acrílico
2025-05-07 16:23:09.237819 - INFO - Material: Otros
2025-05-07 16:23:10.055690 - INFO - Marca: Anypsa
2025-05-07 16:23:10.534600 - INFO - Peso: 0.73 kg