
2025-04-25 08:49:46.382244 - INFO - FirstBot iniciado
2025-04-25 08:49:47.901066 - INFO - Haciendo conteo de filas
2025-04-25 08:49:49.114412 - INFO - Index: 1
2025-04-25 08:49:49.818209 - INFO - Tipo: 1
2025-04-25 08:49:50.299987 - INFO - Producto Actual: THINNER ACRILICO
2025-04-25 08:50:15.848565 - INFO - Nombre: Thinner Acrílico Anypsa 900ml
2025-04-25 08:50:16.214544 - INFO - Descripcion: Promart.pe trae para ti el thinner acrílico especialmente diseñado para automóviles y acabados finos.
2025-04-25 08:50:16.707353 - INFO - Caracteristica: Disolvente para todo tipo de pinturas alquidicas, de secado rapido.
2025-04-25 08:50:17.215356 - INFO - Garantia: 1 Año
2025-04-25 08:50:17.308184 - INFO - Altura: 25.00 cm
2025-04-25 08:50:17.365964 - INFO - Ancho: 8.00 cm
2025-04-25 08:50:17.449142 - INFO - Profundidad: 8.00 cm
2025-04-25 08:50:17.543409 - INFO - Color: Marrón
2025-04-25 08:50:17.627218 - INFO - Tipo: Thinner
2025-04-25 08:50:17.678573 - INFO - Sub Tipo: Acrílico
2025-04-25 08:50:17.729807 - INFO - Material: Otros
2025-04-25 08:50:17.777172 - INFO - Marca: Anypsa
2025-04-25 08:50:17.825493 - INFO - Peso: 0.73 kg
2025-04-25 08:50:21.739818 - INFO - Index: 2
2025-04-25 08:50:22.466963 - INFO - Tipo: 2
2025-04-25 08:50:22.979204 - INFO - Producto Actual: CINTA AISLANTE 3M
2025-04-25 08:50:49.396607 - INFO - Nombre: Cinta Aislante 3M 3/4 x 18m Temflex 165
2025-04-25 08:50:50.456161 - INFO - Caracteristica: Adhesión y resistencia para necesidades diarias. Para tareas cotidianas de aislamiento, tracción y marcado de cables. Adecuado para usos moderados en interiores y exteriores protegidos contra la intemperie. Resiste un rango de temperatura de (0 a 90° C). Excelente resistencia a la abrasión, la humedad, los álcalis, el ácido, la corrosión del cobre y a las condiciones variantes climáticas. La combinación de un respaldo de PVC elástico y adhesivo sensitivo a la presión a base de caucho proporciona protección eléctrica y mecánica con un abultamiento mínimo.
2025-04-25 08:50:50.984534 - INFO - Garantia: Por defecto de fabricación
2025-04-25 08:50:51.082434 - INFO - Altura: 1800 cm
2025-04-25 08:50:51.184511 - INFO - Ancho: 2.1 cm
2025-04-25 08:50:51.271376 - INFO - Profundidad: 0.1 cm
2025-04-25 08:50:51.339493 - INFO - Color: Azul
2025-04-25 08:50:51.413183 - INFO - Tipo: Aislante
2025-04-25 08:50:51.469861 - INFO - Sub Tipo: PVC
2025-04-25 08:50:51.527464 - INFO - Material: 3M
2025-04-25 08:50:51.592880 - INFO - Marca: 1
2025-04-25 08:50:51.653693 - INFO - Peso: 0.68 kg
2025-04-25 08:50:55.844925 - INFO - Index: 3
2025-04-25 08:50:56.527852 - INFO - Tipo: 3
2025-04-25 08:50:57.039059 - INFO - Producto Actual: CERA LÍQUIDA PARA MUEBLES X 300 Ml premio